#
# There is insufficient memory for the Java Runtime Environment to continue.
# Native memory allocation (malloc) failed to allocate 32744 bytes for ChunkPool::allocate
# Possible reasons:
#   The system is out of physical RAM or swap space
#   The process is running with CompressedOops enabled, and the Java Heap may be blocking the growth of the native heap
# Possible solutions:
#   Reduce memory load on the system
#   Increase physical memory or swap space
#   Check if swap backing store is full
#   Decrease Java heap size (-Xmx/-Xms)
#   Decrease number of Java threads
#   Decrease Java thread stack sizes (-Xss)
#   Set larger code cache with -XX:ReservedCodeCacheSize=
#   JVM is running with Unscaled Compressed Oops mode in which the Java heap is
#     placed in the first 4GB address space. The Java Heap base address is the
#     maximum limit for the native heap growth. Please use -XX:HeapBaseMinAddress
#     to set the Java Heap base and to place the Java Heap above 4GB virtual address.
# This output file may be truncated or incomplete.
#
#  Out of Memory Error (allocation.cpp:272), pid=8936, tid=0x0000000000005f48
#
# JRE version: Java(TM) SE Runtime Environment (8.0_221-b11) (build 1.8.0_221-b11)
# Java VM: Java HotSpot(TM) 64-Bit Server VM (25.221-b11 mixed mode windows-amd64 compressed oops)
# Failed to write core dump. Minidumps are not enabled by default on client versions of Windows
#

---------------  T H R E A D  ---------------

Current thread (0x0000000013b61800):  JavaThread "C2 CompilerThread1" daemon [_thread_in_native, id=24392, stack(0x00000000152d0000,0x00000000153d0000)]

Stack: [0x00000000152d0000,0x00000000153d0000]
[error occurred during error reporting (printing stack bounds), id 0xc0000005]

Native frames: (J=compiled Java code, j=interpreted, Vv=VM code, C=native code)


Current CompileTask:
C2:   4852 1491   !   4       java.net.URLClassLoader$1::run (63 bytes)


---------------  P R O C E S S  ---------------

Java Threads: ( => current thread )
  0x0000000017902800 JavaThread "Cache worker for file hash cache (C:\Users\DELL\.gradle\caches\6.2\fileHashes)" [_thread_blocked, id=4176, stack(0x0000000019a20000,0x0000000019b20000)]
  0x0000000017901800 JavaThread "File lock request listener" [_thread_in_native, id=23168, stack(0x0000000019920000,0x0000000019a20000)]
  0x0000000017907000 JavaThread "Cache worker for journal cache (C:\Users\DELL\.gradle\caches\journal-1)" [_thread_blocked, id=18544, stack(0x0000000019820000,0x0000000019920000)]
  0x00000000178b3000 JavaThread "Thread-9" [_thread_blocked, id=20888, stack(0x0000000019520000,0x0000000019620000)]
  0x00000000178b1800 JavaThread "Stdin handler" [_thread_blocked, id=24256, stack(0x0000000019420000,0x0000000019520000)]
  0x00000000178af800 JavaThread "Asynchronous log dispatcher for DefaultDaemonConnection: socket connection from /127.0.0.1:53853 to /127.0.0.1:53854" [_thread_blocked, id=9388, stack(0x0000000019320000,0x0000000019420000)]
  0x0000000017812000 JavaThread "Daemon worker" [_thread_in_vm, id=3696, stack(0x0000000019220000,0x0000000019320000)]
  0x00000000178a3000 JavaThread "Cancel handler" [_thread_blocked, id=4884, stack(0x0000000019120000,0x0000000019220000)]
  0x000000001789b000 JavaThread "Handler for socket connection from /127.0.0.1:53853 to /127.0.0.1:53854" [_thread_in_native, id=22664, stack(0x0000000018e20000,0x0000000018f20000)]
  0x000000001789a800 JavaThread "Daemon" [_thread_blocked, id=6128, stack(0x0000000018d20000,0x0000000018e20000)]
  0x0000000017839800 JavaThread "Daemon periodic checks" [_thread_blocked, id=17088, stack(0x0000000018c20000,0x0000000018d20000)]
  0x000000001784d800 JavaThread "Incoming local TCP Connector on port 53853" [_thread_in_native, id=21684, stack(0x00000000189b0000,0x0000000018ab0000)]
  0x0000000017721800 JavaThread "Daemon health stats" [_thread_blocked, id=24204, stack(0x0000000018270000,0x0000000018370000)]
  0x0000000013bae800 JavaThread "Service Thread" daemon [_thread_blocked, id=23540, stack(0x00000000158d0000,0x00000000159d0000)]
  0x0000000013b8b800 JavaThread "C1 CompilerThread2" daemon [_thread_blocked, id=20716, stack(0x00000000153d0000,0x00000000154d0000)]
=>0x0000000013b61800 JavaThread "C2 CompilerThread1" daemon [_thread_in_native, id=24392, stack(0x00000000152d0000,0x00000000153d0000)]
  0x0000000013b5e800 JavaThread "C2 CompilerThread0" daemon [_thread_in_native, id=2176, stack(0x00000000151d0000,0x00000000152d0000)]
  0x0000000013b5d000 JavaThread "Attach Listener" daemon [_thread_blocked, id=1980, stack(0x00000000150d0000,0x00000000151d0000)]
  0x0000000013b5c000 JavaThread "Signal Dispatcher" daemon [_thread_blocked, id=2904, stack(0x0000000014fd0000,0x00000000150d0000)]
  0x00000000027db000 JavaThread "Finalizer" daemon [_thread_blocked, id=16716, stack(0x0000000014db0000,0x0000000014eb0000)]
  0x00000000027d6800 JavaThread "Reference Handler" daemon [_thread_blocked, id=18344, stack(0x0000000014cb0000,0x0000000014db0000)]
  0x00000000026e7000 JavaThread "main" [_thread_blocked, id=22584, stack(0x00000000025e0000,0x00000000026e0000)]

Other Threads:
  0x0000000013b17800 VMThread [stack: 0x0000000014bb0000,0x0000000014cb0000] [id=22368]
  0x0000000015520800 WatcherThread [stack: 0x00000000159d0000,0x0000000015ad0000] [id=3268]

VM state:not at safepoint (normal execution)

VM Mutex/Monitor currently owned by a thread: None

heap address: 0x00000000e0000000, size: 512 MB, Compressed Oops mode: 32-bit
Narrow klass base: 0x0000000000000000, Narrow klass shift: 3
Compressed class space size: 1073741824 Address: 0x0000000100000000

Heap:
 PSYoungGen      total 76288K, used 41639K [0x00000000f5580000, 0x00000000faa80000, 0x0000000100000000)
  eden space 65536K, 48% used [0x00000000f5580000,0x00000000f74becc0,0x00000000f9580000)
  from space 10752K, 89% used [0x00000000fa000000,0x00000000fa96b330,0x00000000faa80000)
  to   space 10752K, 0% used [0x00000000f9580000,0x00000000f9580000,0x00000000fa000000)
 ParOldGen       total 175104K, used 24K [0x00000000e0000000, 0x00000000eab00000, 0x00000000f5580000)
  object space 175104K, 0% used [0x00000000e0000000,0x00000000e0006000,0x00000000eab00000)
 Metaspace       used 17532K, capacity 17988K, committed 18304K, reserved 1064960K
  class space    used 2451K, capacity 2604K, committed 2688K, reserved 1048576K

Card table byte_map: [0x0000000011ba0000,0x0000000011cb0000] byte_map_base: 0x00000000114a0000

Marking Bits: (ParMarkBitMap*) 0x0000000055645ce0
 Begin Bits: [0x00000000120b0000, 0x00000000128b0000)
 End Bits:   [0x00000000128b0000, 0x00000000130b0000)

Polling page: 0x00000000007c0000

CodeCache: size=245760Kb used=5563Kb max_used=5563Kb free=240196Kb
 bounds [0x00000000027e0000, 0x0000000002d60000, 0x00000000117e0000]
 total_blobs=1987 nmethods=1579 adapters=320
 compilation: enabled

Compilation events (10 events):
Event: 4.758 Thread 0x0000000013b8b800 1583       3       sun.misc.ProxyGenerator::access$900 (5 bytes)
Event: 4.759 Thread 0x0000000013b8b800 nmethod 1583 0x0000000002d4dc90 code [0x0000000002d4de00, 0x0000000002d4e068]
Event: 4.759 Thread 0x0000000013b8b800 1584       3       java.io.DataOutputStream::writeInt (65 bytes)
Event: 4.759 Thread 0x0000000013b8b800 nmethod 1584 0x0000000002d4e150 code [0x0000000002d4e300, 0x0000000002d4e858]
Event: 4.760 Thread 0x0000000013b8b800 1585       3       java.lang.Class::forName (53 bytes)
Event: 4.761 Thread 0x0000000013b8b800 nmethod 1585 0x0000000002d4ea10 code [0x0000000002d4ebc0, 0x0000000002d4f268]
Event: 4.763 Thread 0x0000000013b8b800 1586       3       java.lang.Enum::<init> (15 bytes)
Event: 4.763 Thread 0x0000000013b8b800 nmethod 1586 0x0000000002d4f490 code [0x0000000002d4f5e0, 0x0000000002d4f7b0]
Event: 4.764 Thread 0x0000000013b8b800 1587       3       sun.misc.ProxyGenerator::code_aload (11 bytes)
Event: 4.764 Thread 0x0000000013b8b800 nmethod 1587 0x0000000002d4f850 code [0x0000000002d4f9c0, 0x0000000002d4fb68]

GC Heap History (4 events):
Event: 2.184 GC heap before
{Heap before GC invocations=1 (full 0):
 PSYoungGen      total 76288K, used 65536K [0x00000000f5580000, 0x00000000faa80000, 0x0000000100000000)
  eden space 65536K, 100% used [0x00000000f5580000,0x00000000f9580000,0x00000000f9580000)
  from space 10752K, 0% used [0x00000000fa000000,0x00000000fa000000,0x00000000faa80000)
  to   space 10752K, 0% used [0x00000000f9580000,0x00000000f9580000,0x00000000fa000000)
 ParOldGen       total 175104K, used 0K [0x00000000e0000000, 0x00000000eab00000, 0x00000000f5580000)
  object space 175104K, 0% used [0x00000000e0000000,0x00000000e0000000,0x00000000eab00000)
 Metaspace       used 7730K, capacity 8034K, committed 8320K, reserved 1056768K
  class space    used 984K, capacity 1081K, committed 1152K, reserved 1048576K
Event: 2.192 GC heap after
Heap after GC invocations=1 (full 0):
 PSYoungGen      total 76288K, used 5928K [0x00000000f5580000, 0x00000000faa80000, 0x0000000100000000)
  eden space 65536K, 0% used [0x00000000f5580000,0x00000000f5580000,0x00000000f9580000)
  from space 10752K, 55% used [0x00000000f9580000,0x00000000f9b4a370,0x00000000fa000000)
  to   space 10752K, 0% used [0x00000000fa000000,0x00000000fa000000,0x00000000faa80000)
 ParOldGen       total 175104K, used 16K [0x00000000e0000000, 0x00000000eab00000, 0x00000000f5580000)
  object space 175104K, 0% used [0x00000000e0000000,0x00000000e0004000,0x00000000eab00000)
 Metaspace       used 7730K, capacity 8034K, committed 8320K, reserved 1056768K
  class space    used 984K, capacity 1081K, committed 1152K, reserved 1048576K
}
Event: 4.164 GC heap before
{Heap before GC invocations=2 (full 0):
 PSYoungGen      total 76288K, used 71464K [0x00000000f5580000, 0x00000000faa80000, 0x0000000100000000)
  eden space 65536K, 100% used [0x00000000f5580000,0x00000000f9580000,0x00000000f9580000)
  from space 10752K, 55% used [0x00000000f9580000,0x00000000f9b4a370,0x00000000fa000000)
  to   space 10752K, 0% used [0x00000000fa000000,0x00000000fa000000,0x00000000faa80000)
 ParOldGen       total 175104K, used 16K [0x00000000e0000000, 0x00000000eab00000, 0x00000000f5580000)
  object space 175104K, 0% used [0x00000000e0000000,0x00000000e0004000,0x00000000eab00000)
 Metaspace       used 15090K, capacity 15444K, committed 15616K, reserved 1062912K
  class space    used 2061K, capacity 2200K, committed 2304K, reserved 1048576K
Event: 4.183 GC heap after
Heap after GC invocations=2 (full 0):
 PSYoungGen      total 76288K, used 9644K [0x00000000f5580000, 0x00000000faa80000, 0x0000000100000000)
  eden space 65536K, 0% used [0x00000000f5580000,0x00000000f5580000,0x00000000f9580000)
  from space 10752K, 89% used [0x00000000fa000000,0x00000000fa96b330,0x00000000faa80000)
  to   space 10752K, 0% used [0x00000000f9580000,0x00000000f9580000,0x00000000fa000000)
 ParOldGen       total 175104K, used 24K [0x00000000e0000000, 0x00000000eab00000, 0x00000000f5580000)
  object space 175104K, 0% used [0x00000000e0000000,0x00000000e0006000,0x00000000eab00000)
 Metaspace       used 15090K, capacity 15444K, committed 15616K, reserved 1062912K
  class space    used 2061K, capacity 2200K, committed 2304K, reserved 1048576K
}

Deoptimization events (10 events):
Event: 3.753 Thread 0x0000000017812000 Uncommon trap: reason=bimorphic action=maybe_recompile pc=0x0000000002a5dc58 method=java.util.HashMap.putVal(ILjava/lang/Object;Ljava/lang/Object;ZZ)Ljava/lang/Object; @ 253
Event: 3.753 Thread 0x0000000017812000 Uncommon trap: reason=class_check action=maybe_recompile pc=0x0000000002a5dc9c method=java.util.HashMap.putVal(ILjava/lang/Object;Ljava/lang/Object;ZZ)Ljava/lang/Object; @ 203
Event: 3.753 Thread 0x0000000017812000 Uncommon trap: reason=class_check action=maybe_recompile pc=0x0000000002a5dc9c method=java.util.HashMap.putVal(ILjava/lang/Object;Ljava/lang/Object;ZZ)Ljava/lang/Object; @ 203
Event: 3.997 Thread 0x0000000017812000 Uncommon trap: reason=class_check action=maybe_recompile pc=0x0000000002b23d58 method=java.util.regex.Matcher.match(II)Z @ 86
Event: 3.998 Thread 0x0000000017812000 Uncommon trap: reason=class_check action=maybe_recompile pc=0x0000000002b23d58 method=java.util.regex.Matcher.match(II)Z @ 86
Event: 3.998 Thread 0x0000000017812000 Uncommon trap: reason=class_check action=maybe_recompile pc=0x0000000002b23d58 method=java.util.regex.Matcher.match(II)Z @ 86
Event: 3.998 Thread 0x0000000017812000 Uncommon trap: reason=class_check action=maybe_recompile pc=0x00000000029946cc method=java.util.regex.Matcher.match(II)Z @ 86
Event: 4.393 Thread 0x0000000017812000 Uncommon trap: reason=unstable_if action=reinterpret pc=0x0000000002b0291c method=java.io.File.getName()Ljava/lang/String; @ 16
Event: 4.393 Thread 0x0000000017812000 Uncommon trap: reason=unstable_if action=reinterpret pc=0x0000000002b00354 method=java.lang.String.substring(I)Ljava/lang/String; @ 35
Event: 4.671 Thread 0x0000000017812000 Uncommon trap: reason=class_check action=maybe_recompile pc=0x0000000002a598a4 method=java.util.HashMap.putVal(ILjava/lang/Object;Ljava/lang/Object;ZZ)Ljava/lang/Object; @ 203

Classes redefined (0 events):
No events

Internal exceptions (10 events):
Event: 1.190 Thread 0x00000000026e7000 Exception <a 'java/lang/ArrayIndexOutOfBoundsException'> (0x00000000f6abd5f0) thrown at [C:\re\workspace\8-2-build-windows-amd64-cygwin\jdk8u221\13320\hotspot\src\share\vm\runtime\sharedRuntime.cpp, line 605]
Event: 1.191 Thread 0x00000000026e7000 Exception <a 'java/lang/ArrayIndexOutOfBoundsException'> (0x00000000f6ac97b0) thrown at [C:\re\workspace\8-2-build-windows-amd64-cygwin\jdk8u221\13320\hotspot\src\share\vm\runtime\sharedRuntime.cpp, line 605]
Event: 1.191 Thread 0x00000000026e7000 Exception <a 'java/lang/ArrayIndexOutOfBoundsException'> (0x00000000f6ad6fd0) thrown at [C:\re\workspace\8-2-build-windows-amd64-cygwin\jdk8u221\13320\hotspot\src\share\vm\runtime\sharedRuntime.cpp, line 605]
Event: 1.193 Thread 0x00000000026e7000 Exception <a 'java/lang/ArrayIndexOutOfBoundsException'> (0x00000000f6aeaee8) thrown at [C:\re\workspace\8-2-build-windows-amd64-cygwin\jdk8u221\13320\hotspot\src\share\vm\runtime\sharedRuntime.cpp, line 605]
Event: 1.193 Thread 0x00000000026e7000 Exception <a 'java/lang/ArrayIndexOutOfBoundsException'> (0x00000000f6aecbc8) thrown at [C:\re\workspace\8-2-build-windows-amd64-cygwin\jdk8u221\13320\hotspot\src\share\vm\runtime\sharedRuntime.cpp, line 605]
Event: 1.193 Thread 0x00000000026e7000 Exception <a 'java/lang/ArrayIndexOutOfBoundsException'> (0x00000000f6aeec98) thrown at [C:\re\workspace\8-2-build-windows-amd64-cygwin\jdk8u221\13320\hotspot\src\share\vm\runtime\sharedRuntime.cpp, line 605]
Event: 3.655 Thread 0x00000000026e7000 Exception <a 'java/io/IOException'> (0x00000000f7048438) thrown at [C:\re\workspace\8-2-build-windows-amd64-cygwin\jdk8u221\13320\hotspot\src\share\vm\prims\jni.cpp, line 710]
Event: 4.486 Thread 0x0000000017812000 Exception <a 'java/lang/NoSuchMethodError': java.lang.Object.lambda$and$0(Ljava/util/function/Predicate;Ljava/lang/Object;)Z> (0x00000000f68a9108) thrown at [C:\re\workspace\8-2-build-windows-amd64-cygwin\jdk8u221\13320\hotspot\src\share\vm\interpreter\li
Event: 4.494 Thread 0x0000000017812000 Exception <a 'java/lang/IncompatibleClassChangeError': Found class java.lang.Object, but interface was expected> (0x00000000f68b9990) thrown at [C:\re\workspace\8-2-build-windows-amd64-cygwin\jdk8u221\13320\hotspot\src\share\vm\interpreter\linkResolver.cp
Event: 4.497 Thread 0x0000000017812000 Exception <a 'java/lang/NoSuchMethodError': java.lang.Object.lambda$or$2(Ljava/util/function/Predicate;Ljava/lang/Object;)Z> (0x00000000f68be928) thrown at [C:\re\workspace\8-2-build-windows-amd64-cygwin\jdk8u221\13320\hotspot\src\share\vm\interpreter\lin

Events (10 events):
Event: 4.801 loading class org/objectweb/asm/ByteVector
Event: 4.801 loading class org/objectweb/asm/ByteVector done
Event: 4.808 loading class org/objectweb/asm/MethodTooLargeException
Event: 4.808 loading class org/objectweb/asm/MethodTooLargeException done
Event: 4.822 loading class org/objectweb/asm/Frame
Event: 4.822 loading class org/objectweb/asm/Frame done
Event: 4.824 loading class org/objectweb/asm/CurrentFrame
Event: 4.824 loading class org/objectweb/asm/CurrentFrame done
Event: 4.826 loading class org/objectweb/asm/Label
Event: 4.826 loading class org/objectweb/asm/Label done


Dynamic libraries:
0x00007ff7e46f0000 - 0x00007ff7e4727000 	C:\Program Files\Java\jdk1.8.0_221\bin\java.exe
0x00007ffc8c870000 - 0x00007ffc8ca51000 	C:\WINDOWS\SYSTEM32\ntdll.dll
0x00007ffc8a4a0000 - 0x00007ffc8a551000 	C:\WINDOWS\System32\KERNEL32.DLL
0x00007ffc898a0000 - 0x00007ffc89b13000 	C:\WINDOWS\System32\KERNELBASE.dll
0x00007ffc8c0a0000 - 0x00007ffc8c141000 	C:\WINDOWS\System32\ADVAPI32.dll
0x00007ffc8a560000 - 0x00007ffc8a5fe000 	C:\WINDOWS\System32\msvcrt.dll
0x00007ffc8a910000 - 0x00007ffc8a96b000 	C:\WINDOWS\System32\sechost.dll
0x00007ffc8aa70000 - 0x00007ffc8ab94000 	C:\WINDOWS\System32\RPCRT4.dll
0x00007ffc8c1c0000 - 0x00007ffc8c350000 	C:\WINDOWS\System32\USER32.dll
0x00007ffc88c00000 - 0x00007ffc88c20000 	C:\WINDOWS\System32\win32u.dll
0x00007ffc8aa40000 - 0x00007ffc8aa68000 	C:\WINDOWS\System32\GDI32.dll
0x00007ffc88db0000 - 0x00007ffc88f41000 	C:\WINDOWS\System32\gdi32full.dll
0x00007ffc89b20000 - 0x00007ffc89bbf000 	C:\WINDOWS\System32\msvcp_win.dll
0x00007ffc89bc0000 - 0x00007ffc89cb8000 	C:\WINDOWS\System32\ucrtbase.dll
0x00007ffc7b2e0000 - 0x00007ffc7b549000 	C:\WINDOWS\WinSxS\amd64_microsoft.windows.common-controls_6595b64144ccf1df_6.0.17134.1006_none_d3fbb8f77c940c3f\COMCTL32.dll
0x00007ffc89d40000 - 0x00007ffc8a061000 	C:\WINDOWS\System32\combase.dll
0x00007ffc88d30000 - 0x00007ffc88da9000 	C:\WINDOWS\System32\bcryptPrimitives.dll
0x00007ffc8a970000 - 0x00007ffc8a99d000 	C:\WINDOWS\System32\IMM32.DLL
0x00000000556d0000 - 0x00000000557a2000 	C:\Program Files\Java\jdk1.8.0_221\jre\bin\msvcr100.dll
0x0000000054e20000 - 0x00000000556c5000 	C:\Program Files\Java\jdk1.8.0_221\jre\bin\server\jvm.dll
0x00007ffc8a600000 - 0x00007ffc8a608000 	C:\WINDOWS\System32\PSAPI.DLL
0x00007ffc73840000 - 0x00007ffc73849000 	C:\WINDOWS\SYSTEM32\WSOCK32.dll
0x00007ffc86210000 - 0x00007ffc86233000 	C:\WINDOWS\SYSTEM32\WINMM.dll
0x00007ffc7d770000 - 0x00007ffc7d77a000 	C:\WINDOWS\SYSTEM32\VERSION.dll
0x00007ffc8c7a0000 - 0x00007ffc8c80c000 	C:\WINDOWS\System32\WS2_32.dll
0x00007ffc854d0000 - 0x00007ffc854fa000 	C:\WINDOWS\SYSTEM32\winmmbase.dll
0x00007ffc88f50000 - 0x00007ffc88f99000 	C:\WINDOWS\System32\cfgmgr32.dll
0x00007ffc836f0000 - 0x00007ffc836ff000 	C:\Program Files\Java\jdk1.8.0_221\jre\bin\verify.dll
0x00007ffc5b990000 - 0x00007ffc5b9b9000 	C:\Program Files\Java\jdk1.8.0_221\jre\bin\java.dll
0x00007ffc7ccd0000 - 0x00007ffc7cce6000 	C:\Program Files\Java\jdk1.8.0_221\jre\bin\zip.dll
0x00007ffc8ac50000 - 0x00007ffc8c092000 	C:\WINDOWS\System32\SHELL32.dll
0x00007ffc8aba0000 - 0x00007ffc8ac49000 	C:\WINDOWS\System32\shcore.dll
0x00007ffc88fa0000 - 0x00007ffc896ae000 	C:\WINDOWS\System32\windows.storage.dll
0x00007ffc8a360000 - 0x00007ffc8a3b1000 	C:\WINDOWS\System32\shlwapi.dll
0x00007ffc88be0000 - 0x00007ffc88bf1000 	C:\WINDOWS\System32\kernel.appcore.dll
0x00007ffc88bc0000 - 0x00007ffc88bdf000 	C:\WINDOWS\System32\profapi.dll
0x00007ffc88b60000 - 0x00007ffc88bac000 	C:\WINDOWS\System32\powrprof.dll
0x00007ffc88bb0000 - 0x00007ffc88bba000 	C:\WINDOWS\System32\FLTLIB.DLL
0x00007ffc5d8a0000 - 0x00007ffc5d8ba000 	C:\Program Files\Java\jdk1.8.0_221\jre\bin\net.dll
0x00007ffc7b6f0000 - 0x00007ffc7b8ba000 	C:\WINDOWS\SYSTEM32\urlmon.dll
0x00007ffc7d7f0000 - 0x00007ffc7da97000 	C:\WINDOWS\SYSTEM32\iertutil.dll
0x00007ffc88530000 - 0x00007ffc8853b000 	C:\WINDOWS\SYSTEM32\CRYPTBASE.DLL
0x00007ffc88360000 - 0x00007ffc883c6000 	C:\WINDOWS\system32\mswsock.dll
0x00007ffc5c720000 - 0x00007ffc5c732000 	C:\Program Files\Java\jdk1.8.0_221\jre\bin\nio.dll
0x00007ffc52c10000 - 0x00007ffc52c3a000 	C:\Users\DELL\.gradle\native\36\windows-amd64\native-platform.dll
0x00007ffc806a0000 - 0x00007ffc806ad000 	C:\Program Files\Java\jdk1.8.0_221\jre\bin\management.dll
0x00007ffc88510000 - 0x00007ffc88527000 	C:\WINDOWS\SYSTEM32\CRYPTSP.dll
0x00007ffc87f10000 - 0x00007ffc87f43000 	C:\WINDOWS\system32\rsaenh.dll
0x00007ffc88640000 - 0x00007ffc88665000 	C:\WINDOWS\SYSTEM32\bcrypt.dll
0x00007ffc88a40000 - 0x00007ffc88a68000 	C:\WINDOWS\SYSTEM32\USERENV.dll
0x00007ffc880b0000 - 0x00007ffc880e8000 	C:\WINDOWS\SYSTEM32\IPHLPAPI.DLL
0x00007ffc8a490000 - 0x00007ffc8a498000 	C:\WINDOWS\System32\NSI.dll
0x00007ffc81b70000 - 0x00007ffc81b86000 	C:\WINDOWS\SYSTEM32\dhcpcsvc6.DLL
0x00007ffc81770000 - 0x00007ffc8178a000 	C:\WINDOWS\SYSTEM32\dhcpcsvc.DLL

VM Arguments:
jvm_args: -XX:MaxMetaspaceSize=256m -XX:+HeapDumpOnOutOfMemoryError -Xms256m -Xmx512m -Dfile.encoding=windows-1252 -Duser.country=FR -Duser.language=fr -Duser.variant 
java_command: org.gradle.launcher.daemon.bootstrap.GradleDaemon 6.2
java_class_path (initial): C:\Users\DELL\.gradle\wrapper\dists\gradle-6.2-all\dvufqs6kielxeao781pmk5huj\gradle-6.2\lib\gradle-launcher-6.2.jar
Launcher Type: SUN_STANDARD

Environment Variables:
CLASSPATH=C:\Users\DELL\repos\CSEInventory\android\\gradle\wrapper\gradle-wrapper.jar
PATH=C:\Users\DELL\AppData\Roaming\npm\node_modules\npm\node_modules\npm-lifecycle\node-gyp-bin;C:\Users\DELL\repos\CSEInventory\node_modules\.bin;C:\Users\DELL\bin;C:\Program Files\Git\mingw64\bin;C:\Program Files\Git\usr\local\bin;C:\Program Files\Git\usr\bin;C:\Program Files\Git\usr\bin;C:\Program Files\Git\mingw64\bin;C:\Program Files\Git\usr\bin;C:\Users\DELL\bin;C:\Program Files (x86)\Common Files\Oracle\Java\javapath;C:\Program Files (x86)\Common Files\Intel\Shared Libraries\redist\intel64\compiler;C:\WINDOWS\system32;C:\WINDOWS;C:\WINDOWS\System32\Wbem;C:\WINDOWS\System32\WindowsPowerShell\v1.0;C:\WINDOWS\System32\OpenSSH;C:\Program Files\Git\cmd;C:\Program Files\Microsoft SQL Server\130\Tools\Binn;%NVM_HOME%;%NVM_SYMLINK%;C:\Program Files\nodejs;C:\Program Files (x86)\Yarn\bin;C:\Users\DELL\AppData\Local\Microsoft\WindowsApps;C:\Users\DELL\AppData\Local\atom\bin;C:\Users\DELL\AppData\Local\GitHubDesktop\bin;C:\Users\DELL\AppData\Local\Programs\Microsoft VS Code\bin;C:\Users\DELL\.dotnet\tools;C:\Users\DELL\AppData\Local\Android\Sdk\platform-tools;C:\Users\DELL\AppData\Roaming\nvm;C:\Program Files\nodejs;C:\Users\DELL\AppData\Roaming\npm;C:\Users\DELL\AppData\Local\Yarn\bin;C:\Program Files\Git\usr\bin\vendor_perl;C:\Program Files\Git\usr\bin\core_perl
USERNAME=DELL
SHELL=C:\Program Files\Git\usr\bin\bash.exe
DISPLAY=needs-to-be-defined
OS=Windows_NT
PROCESSOR_IDENTIFIER=Intel64 Family 6 Model 78 Stepping 3, GenuineIntel



---------------  S Y S T E M  ---------------

OS: Windows 10.0 , 64 bit Build 17134 (10.0.17134.753)

CPU:total 4 (initial active 4) (2 cores per cpu, 2 threads per core) family 6 model 78 stepping 3, cmov, cx8, fxsr, mmx, sse, sse2, sse3, ssse3, sse4.1, sse4.2, popcnt, avx, avx2, aes, clmul, erms, rtm, 3dnowpref, lzcnt, ht, tsc, tscinvbit, bmi1, bmi2, adx

Memory: 4k page, physical 8043436k(702568k free), swap 10879592k(5984k free)

vm_info: Java HotSpot(TM) 64-Bit Server VM (25.221-b11) for windows-amd64 JRE (1.8.0_221-b11), built on Jul  4 2019 04:39:29 by "java_re" with MS VC++ 10.0 (VS2010)

time: Sat Aug 15 00:26:42 2020
timezone: Paris, Madrid
elapsed time: 4 seconds (0d 0h 0m 4s)

